# JRE version: OpenJDK Runtime Environment (17.0.6) (build 17.0.6+0-b2043.56-9586694)
# Java VM: OpenJDK 64-Bit Server VM (17.0.6+0-b2043.56-9586694, mixed mode, tiered, compressed oops, compressed class ptrs, g1 gc, windows-amd64)
GC Precious Log:
 CPUs: 4 total, 4 available
 Memory: 3792M
 Large Page Support: Disabled
 NUMA Support: Disabled
 Compressed Oops: Enabled (32-bit)
 Heap Region Size: 1M
 Heap Min Capacity: 8M
 Heap Initial Capacity: 60M
 Heap Max Capacity: 1536M
 Pre-touch: Disabled
 Parallel Workers: 4
 Concurrent Workers: 1
 Concurrent Refinement Workers: 4
 Periodic GC: Disabled
Heap:
 garbage-first heap   total 230400K, used 165563K [0x00000000a0000000, 0x0000000100000000)
  region size 1024K, 22 young (22528K), 4 survivors (4096K)
 Metaspace       used 102862K, committed 103872K, reserved 1138688K
  class space    used 13964K, committed 14400K, reserved 1048576K
GC Heap History (20 events):
Event: 32.603 GC heap before
{Heap before GC invocations=57 (full 0):
 garbage-first heap   total 138240K, used 117028K [0x00000000a0000000, 0x0000000100000000)
  region size 1024K, 17 young (17408K), 3 survivors (3072K)
 Metaspace       used 85628K, committed 86464K, reserved 1130496K
  class space    used 11630K, committed 11968K, reserved 1048576K
}
Event: 32.608 GC heap after
{Heap after GC invocations=58 (full 0):
 garbage-first heap   total 138240K, used 107953K [0x00000000a0000000, 0x0000000100000000)
  region size 1024K, 3 young (3072K), 3 survivors (3072K)
 Metaspace       used 85628K, committed 86464K, reserved 1130496K
  class space    used 11630K, committed 11968K, reserved 1048576K
}
Event: 32.952 GC heap before
{Heap before GC invocations=58 (full 0):
 garbage-first heap   total 138240K, used 118193K [0x00000000a0000000, 0x0000000100000000)
  region size 1024K, 13 young (13312K), 3 survivors (3072K)
 Metaspace       used 86317K, committed 87040K, reserved 1130496K
  class space    used 11742K, committed 12032K, reserved 1048576K
}
Event: 32.958 GC heap after
{Heap after GC invocations=59 (full 0):
 garbage-first heap   total 138240K, used 109106K [0x00000000a0000000, 0x0000000100000000)
  region size 1024K, 1 young (1024K), 1 survivors (1024K)
 Metaspace       used 86317K, committed 87040K, reserved 1130496K
  class space    used 11742K, committed 12032K, reserved 1048576K
}
Event: 33.530 GC heap before
{Heap before GC invocations=60 (full 0):
 garbage-first heap   total 191488K, used 119346K [0x00000000a0000000, 0x0000000100000000)
  region size 1024K, 11 young (11264K), 1 survivors (1024K)
 Metaspace       used 86402K, committed 87168K, reserved 1130496K
  class space    used 11744K, committed 12032K, reserved 1048576K
}
Event: 33.534 GC heap after
{Heap after GC invocations=61 (full 0):
 garbage-first heap   total 191488K, used 109261K [0x00000000a0000000, 0x0000000100000000)
  region size 1024K, 1 young (1024K), 1 survivors (1024K)
 Metaspace       used 86402K, committed 87168K, reserved 1130496K
  class space    used 11744K, committed 12032K, reserved 1048576K
}
Event: 33.629 GC heap before
{Heap before GC invocations=61 (full 0):
 garbage-first heap   total 191488K, used 117453K [0x00000000a0000000, 0x0000000100000000)
  region size 1024K, 9 young (9216K), 1 survivors (1024K)
 Metaspace       used 86447K, committed 87232K, reserved 1130496K
  class space    used 11744K, committed 12032K, reserved 1048576K
}
Event: 33.635 GC heap after
{Heap after GC invocations=62 (full 0):
 garbage-first heap   total 191488K, used 108116K [0x00000000a0000000, 0x0000000100000000)
  region size 1024K, 2 young (2048K), 2 survivors (2048K)
 Metaspace       used 86447K, committed 87232K, reserved 1130496K
  class space    used 11744K, committed 12032K, reserved 1048576K
}
Event: 34.260 GC heap before
{Heap before GC invocations=62 (full 0):
 garbage-first heap   total 191488K, used 144980K [0x00000000a0000000, 0x0000000100000000)
  region size 1024K, 38 young (38912K), 2 survivors (2048K)
 Metaspace       used 87873K, committed 88640K, reserved 1130496K
  class space    used 11914K, committed 12224K, reserved 1048576K
}
Event: 34.268 GC heap after
{Heap after GC invocations=63 (full 0):
 garbage-first heap   total 230400K, used 109865K [0x00000000a0000000, 0x0000000100000000)
  region size 1024K, 3 young (3072K), 3 survivors (3072K)
 Metaspace       used 87873K, committed 88640K, reserved 1130496K
  class space    used 11914K, committed 12224K, reserved 1048576K
}
Event: 36.955 GC heap before
{Heap before GC invocations=63 (full 0):
 garbage-first heap   total 230400K, used 171305K [0x00000000a0000000, 0x0000000100000000)
  region size 1024K, 62 young (63488K), 3 survivors (3072K)
 Metaspace       used 90784K, committed 91712K, reserved 1130496K
  class space    used 12314K, committed 12736K, reserved 1048576K
}
Event: 36.976 GC heap after
{Heap after GC invocations=64 (full 0):
 garbage-first heap   total 230400K, used 121521K [0x00000000a0000000, 0x0000000100000000)
  region size 1024K, 8 young (8192K), 8 survivors (8192K)
 Metaspace       used 90784K, committed 91712K, reserved 1130496K
  class space    used 12314K, committed 12736K, reserved 1048576K
}
Event: 38.480 GC heap before
{Heap before GC invocations=64 (full 0):
 garbage-first heap   total 230400K, used 173745K [0x00000000a0000000, 0x0000000100000000)
  region size 1024K, 59 young (60416K), 8 survivors (8192K)
 Metaspace       used 96839K, committed 97728K, reserved 1138688K
  class space    used 13178K, committed 13568K, reserved 1048576K
}
Event: 38.497 GC heap after
{Heap after GC invocations=65 (full 0):
 garbage-first heap   total 230400K, used 126152K [0x00000000a0000000, 0x0000000100000000)
  region size 1024K, 4 young (4096K), 4 survivors (4096K)
 Metaspace       used 96839K, committed 97728K, reserved 1138688K
  class space    used 13178K, committed 13568K, reserved 1048576K
}
Event: 39.813 GC heap before
{Heap before GC invocations=65 (full 0):
 garbage-first heap   total 230400K, used 179400K [0x00000000a0000000, 0x0000000100000000)
  region size 1024K, 56 young (57344K), 4 survivors (4096K)
 Metaspace       used 98490K, committed 99392K, reserved 1138688K
  class space    used 13376K, committed 13760K, reserved 1048576K
}
Event: 39.838 GC heap after
{Heap after GC invocations=66 (full 0):
 garbage-first heap   total 230400K, used 136805K [0x00000000a0000000, 0x0000000100000000)
  region size 1024K, 7 young (7168K), 7 survivors (7168K)
 Metaspace       used 98490K, committed 99392K, reserved 1138688K
  class space    used 13376K, committed 13760K, reserved 1048576K
}
Event: 40.931 GC heap before
{Heap before GC invocations=66 (full 0):
 garbage-first heap   total 230400K, used 180837K [0x00000000a0000000, 0x0000000100000000)
  region size 1024K, 51 young (52224K), 7 survivors (7168K)
 Metaspace       used 100733K, committed 101760K, reserved 1138688K
  class space    used 13620K, committed 14080K, reserved 1048576K
}
Event: 40.958 GC heap after
{Heap after GC invocations=67 (full 0):
 garbage-first heap   total 230400K, used 145059K [0x00000000a0000000, 0x0000000100000000)
  region size 1024K, 7 young (7168K), 7 survivors (7168K)
 Metaspace       used 100733K, committed 101760K, reserved 1138688K
  class space    used 13620K, committed 14080K, reserved 1048576K
}
Event: 42.257 GC heap before
{Heap before GC invocations=67 (full 0):
 garbage-first heap   total 230400K, used 184995K [0x00000000a0000000, 0x0000000100000000)
  region size 1024K, 46 young (47104K), 7 survivors (7168K)
 Metaspace       used 102349K, committed 103360K, reserved 1138688K
  class space    used 13871K, committed 14336K, reserved 1048576K
}
Event: 42.278 GC heap after
{Heap after GC invocations=68 (full 0):
 garbage-first heap   total 230400K, used 148155K [0x00000000a0000000, 0x0000000100000000)
  region size 1024K, 4 young (4096K), 4 survivors (4096K)
 Metaspace       used 102349K, committed 103360K, reserved 1138688K
  class space    used 13871K, committed 14336K, reserved 1048576K
}

